<?xml version="1.0" encoding="UTF-8" standalone="no"?>
<!DOCTYPE log SYSTEM "logger.dtd">
<log>
<record>
  <date>2020-03-18T16:50:13</date>
  <millis>1584550213160</millis>
  <sequence>5</sequence>
  <logger>com.ebay.queens.demo.Utilities</logger>
  <level>INFO</level>
  <class>com.ebay.queens.demo.Login</class>
  <method>&lt;init&gt;</method>
  <thread>12</thread>
  <message>Login</message>
</record>
<record>
  <date>2020-03-18T16:50:14</date>
  <millis>1584550214749</millis>
  <sequence>6</sequence>
  <logger>com.ebay.queens.demo.Utilities</logger>
  <level>INFO</level>
  <class>com.ebay.queens.demo.SignUp</class>
  <method>&lt;init&gt;</method>
  <thread>12</thread>
  <message>SignUp</message>
</record>
<record>
  <date>2020-03-18T16:50:14</date>
  <millis>1584550214757</millis>
  <sequence>7</sequence>
  <logger>com.ebay.queens.demo.Utilities</logger>
  <level>INFO</level>
  <class>com.ebay.queens.demo.SignUp</class>
  <method>&lt;init&gt;</method>
  <thread>12</thread>
  <message>Users[com.ebay.queens.demo.model.User@77c0fa30, com.ebay.queens.demo.model.User@1980a573, com.ebay.queens.demo.model.User@3a791285]</message>
</record>
<record>
  <date>2020-03-18T16:50:14</date>
  <millis>1584550214780</millis>
  <sequence>8</sequence>
  <logger>com.ebay.queens.demo.Utilities</logger>
  <level>INFO</level>
  <class>com.ebay.queens.demo.TokenUtilityClass</class>
  <method>&lt;init&gt;</method>
  <thread>12</thread>
  <message>Token Utility Class</message>
</record>
<record>
  <date>2020-03-18T16:50:14</date>
  <millis>1584550214790</millis>
  <sequence>9</sequence>
  <logger>com.ebay.queens.demo.Utilities</logger>
  <level>INFO</level>
  <class>com.ebay.queens.demo.TokenUtilityClass</class>
  <method>authenticationToken</method>
  <thread>22</thread>
  <message>Authentication token</message>
</record>
<record>
  <date>2020-03-18T16:50:14</date>
  <millis>1584550214790</millis>
  <sequence>9</sequence>
  <logger>com.ebay.queens.demo.Utilities</logger>
  <level>INFO</level>
  <class>com.ebay.queens.demo.TokenUtilityClass</class>
  <method>authenticationToken</method>
  <thread>22</thread>
  <message>Authentication token</message>
</record>
<record>
  <date>2020-03-18T16:50:16</date>
  <millis>1584550216342</millis>
  <sequence>10</sequence>
  <logger>com.ebay.queens.demo.Utilities</logger>
  <level>INFO</level>
  <class>com.ebay.queens.demo.TokenUtilityClass</class>
  <method>authenticationToken</method>
  <thread>22</thread>
  <message>A21AAFmz-qet1ApIk0qaXZAg-KJEnj2FnOsqk-59SfvkO-hsXU1h-lB_OuXHc7MXS8uVYZNG2jCsGYMxyk29HgEnGMnnHh12A</message>
</record>
<record>
  <date>2020-03-18T16:50:16</date>
  <millis>1584550216342</millis>
  <sequence>10</sequence>
  <logger>com.ebay.queens.demo.Utilities</logger>
  <level>INFO</level>
  <class>com.ebay.queens.demo.TokenUtilityClass</class>
  <method>authenticationToken</method>
  <thread>22</thread>
  <message>A21AAFmz-qet1ApIk0qaXZAg-KJEnj2FnOsqk-59SfvkO-hsXU1h-lB_OuXHc7MXS8uVYZNG2jCsGYMxyk29HgEnGMnnHh12A</message>
</record>
<record>
  <date>2020-03-18T16:50:18</date>
  <millis>1584550218157</millis>
  <sequence>11</sequence>
  <logger>com.ebay.queens.demo.Utilities</logger>
  <level>INFO</level>
  <class>com.ebay.queens.demo.TokenUtilityClass</class>
  <method>&lt;init&gt;</method>
  <thread>12</thread>
  <message>Token Utility Class</message>
</record>
<record>
  <date>2020-03-18T16:50:18</date>
  <millis>1584550218157</millis>
  <sequence>11</sequence>
  <logger>com.ebay.queens.demo.Utilities</logger>
  <level>INFO</level>
  <class>com.ebay.queens.demo.TokenUtilityClass</class>
  <method>&lt;init&gt;</method>
  <thread>12</thread>
  <message>Token Utility Class</message>
</record>
<record>
  <date>2020-03-18T16:50:18</date>
  <millis>1584550218158</millis>
  <sequence>12</sequence>
  <logger>com.ebay.queens.demo.Utilities</logger>
  <level>INFO</level>
  <class>com.ebay.queens.demo.Paypal</class>
  <method>&lt;init&gt;</method>
  <thread>12</thread>
  <message>Paypal Class</message>
</record>
<record>
  <date>2020-03-18T16:50:18</date>
  <millis>1584550218158</millis>
  <sequence>12</sequence>
  <logger>com.ebay.queens.demo.Utilities</logger>
  <level>INFO</level>
  <class>com.ebay.queens.demo.Paypal</class>
  <method>&lt;init&gt;</method>
  <thread>12</thread>
  <message>Paypal Class</message>
</record>
<record>
  <date>2020-03-18T16:50:18</date>
  <millis>1584550218158</millis>
  <sequence>12</sequence>
  <logger>com.ebay.queens.demo.Utilities</logger>
  <level>INFO</level>
  <class>com.ebay.queens.demo.Paypal</class>
  <method>&lt;init&gt;</method>
  <thread>12</thread>
  <message>Paypal Class</message>
</record>
<record>
  <date>2020-03-18T16:50:18</date>
  <millis>1584550218167</millis>
  <sequence>13</sequence>
  <logger>com.ebay.queens.demo.Utilities</logger>
  <level>INFO</level>
  <class>com.ebay.queens.demo.Version1Api</class>
  <method>run</method>
  <thread>12</thread>
  <message>Version 1 API</message>
</record>
<record>
  <date>2020-03-18T16:50:18</date>
  <millis>1584550218167</millis>
  <sequence>13</sequence>
  <logger>com.ebay.queens.demo.Utilities</logger>
  <level>INFO</level>
  <class>com.ebay.queens.demo.Version1Api</class>
  <method>run</method>
  <thread>12</thread>
  <message>Version 1 API</message>
</record>
<record>
  <date>2020-03-18T16:50:18</date>
  <millis>1584550218167</millis>
  <sequence>13</sequence>
  <logger>com.ebay.queens.demo.Utilities</logger>
  <level>INFO</level>
  <class>com.ebay.queens.demo.Version1Api</class>
  <method>run</method>
  <thread>12</thread>
  <message>Version 1 API</message>
</record>
<record>
  <date>2020-03-18T16:50:18</date>
  <millis>1584550218959</millis>
  <sequence>15</sequence>
  <logger>com.ebay.queens.demo.Utilities</logger>
  <level>INFO</level>
  <class>com.ebay.queens.demo.SignUp</class>
  <method>resgiterUser</method>
  <thread>36</thread>
  <message>Sign Up Methodedward edward</message>
</record>
<record>
  <date>2020-03-18T16:50:18</date>
  <millis>1584550218959</millis>
  <sequence>15</sequence>
  <logger>com.ebay.queens.demo.Utilities</logger>
  <level>INFO</level>
  <class>com.ebay.queens.demo.SignUp</class>
  <method>resgiterUser</method>
  <thread>36</thread>
  <message>Sign Up Methodedward edward</message>
</record>
<record>
  <date>2020-03-18T16:50:18</date>
  <millis>1584550218959</millis>
  <sequence>15</sequence>
  <logger>com.ebay.queens.demo.Utilities</logger>
  <level>INFO</level>
  <class>com.ebay.queens.demo.SignUp</class>
  <method>resgiterUser</method>
  <thread>36</thread>
  <message>Sign Up Methodedward edward</message>
</record>
<record>
  <date>2020-03-18T16:50:19</date>
  <millis>1584550219291</millis>
  <sequence>16</sequence>
  <logger>com.ebay.queens.demo.Utilities</logger>
  <level>WARNING</level>
  <class>com.ebay.queens.demo.SignUp</class>
  <method>resgiterUser</method>
  <thread>36</thread>
  <message>edward already exists</message>
</record>
<record>
  <date>2020-03-18T16:50:19</date>
  <millis>1584550219291</millis>
  <sequence>16</sequence>
  <logger>com.ebay.queens.demo.Utilities</logger>
  <level>WARNING</level>
  <class>com.ebay.queens.demo.SignUp</class>
  <method>resgiterUser</method>
  <thread>36</thread>
  <message>edward already exists</message>
</record>
<record>
  <date>2020-03-18T16:50:19</date>
  <millis>1584550219291</millis>
  <sequence>16</sequence>
  <logger>com.ebay.queens.demo.Utilities</logger>
  <level>WARNING</level>
  <class>com.ebay.queens.demo.SignUp</class>
  <method>resgiterUser</method>
  <thread>36</thread>
  <message>edward already exists</message>
</record>
<record>
  <date>2020-03-18T16:50:19</date>
  <millis>1584550219292</millis>
  <sequence>17</sequence>
  <logger>com.ebay.queens.demo.Utilities</logger>
  <level>WARNING</level>
  <class>com.ebay.queens.demo.SignUp</class>
  <method>resgiterUser</method>
  <thread>36</thread>
  <message>edward already exists</message>
</record>
<record>
  <date>2020-03-18T16:50:19</date>
  <millis>1584550219292</millis>
  <sequence>17</sequence>
  <logger>com.ebay.queens.demo.Utilities</logger>
  <level>WARNING</level>
  <class>com.ebay.queens.demo.SignUp</class>
  <method>resgiterUser</method>
  <thread>36</thread>
  <message>edward already exists</message>
</record>
<record>
  <date>2020-03-18T16:50:19</date>
  <millis>1584550219292</millis>
  <sequence>17</sequence>
  <logger>com.ebay.queens.demo.Utilities</logger>
  <level>WARNING</level>
  <class>com.ebay.queens.demo.SignUp</class>
  <method>resgiterUser</method>
  <thread>36</thread>
  <message>edward already exists</message>
</record>
<record>
  <date>2020-03-18T16:50:36</date>
  <millis>1584550236984</millis>
  <sequence>18</sequence>
  <logger>com.ebay.queens.demo.Utilities</logger>
  <level>INFO</level>
  <class>com.ebay.queens.demo.SignUp</class>
  <method>resgiterUser</method>
  <thread>33</thread>
  <message>Sign Up Methodcoramccomb16 whore</message>
</record>
<record>
  <date>2020-03-18T16:50:36</date>
  <millis>1584550236984</millis>
  <sequence>18</sequence>
  <logger>com.ebay.queens.demo.Utilities</logger>
  <level>INFO</level>
  <class>com.ebay.queens.demo.SignUp</class>
  <method>resgiterUser</method>
  <thread>33</thread>
  <message>Sign Up Methodcoramccomb16 whore</message>
</record>
<record>
  <date>2020-03-18T16:50:36</date>
  <millis>1584550236984</millis>
  <sequence>18</sequence>
  <logger>com.ebay.queens.demo.Utilities</logger>
  <level>INFO</level>
  <class>com.ebay.queens.demo.SignUp</class>
  <method>resgiterUser</method>
  <thread>33</thread>
  <message>Sign Up Methodcoramccomb16 whore</message>
</record>
<record>
  <date>2020-03-18T16:50:36</date>
  <millis>1584550236993</millis>
  <sequence>19</sequence>
  <logger>com.ebay.queens.demo.Utilities</logger>
  <level>INFO</level>
  <class>com.ebay.queens.demo.SignUp</class>
  <method>resgiterUser</method>
  <thread>33</thread>
  <message>User Signed Up: coramccomb16</message>
</record>
<record>
  <date>2020-03-18T16:50:36</date>
  <millis>1584550236993</millis>
  <sequence>19</sequence>
  <logger>com.ebay.queens.demo.Utilities</logger>
  <level>INFO</level>
  <class>com.ebay.queens.demo.SignUp</class>
  <method>resgiterUser</method>
  <thread>33</thread>
  <message>User Signed Up: coramccomb16</message>
</record>
<record>
  <date>2020-03-18T16:50:36</date>
  <millis>1584550236993</millis>
  <sequence>19</sequence>
  <logger>com.ebay.queens.demo.Utilities</logger>
  <level>INFO</level>
  <class>com.ebay.queens.demo.SignUp</class>
  <method>resgiterUser</method>
  <thread>33</thread>
  <message>User Signed Up: coramccomb16</message>
</record>
<record>
  <date>2020-03-18T16:50:37</date>
  <millis>1584550237065</millis>
  <sequence>20</sequence>
  <logger>com.ebay.queens.demo.Utilities</logger>
  <level>INFO</level>
  <class>com.ebay.queens.demo.SignUp</class>
  <method>resgiterUser</method>
  <thread>33</thread>
  <message>User Signed Up: coramccomb16</message>
</record>
<record>
  <date>2020-03-18T16:50:37</date>
  <millis>1584550237065</millis>
  <sequence>20</sequence>
  <logger>com.ebay.queens.demo.Utilities</logger>
  <level>INFO</level>
  <class>com.ebay.queens.demo.SignUp</class>
  <method>resgiterUser</method>
  <thread>33</thread>
  <message>User Signed Up: coramccomb16</message>
</record>
<record>
  <date>2020-03-18T16:50:37</date>
  <millis>1584550237065</millis>
  <sequence>20</sequence>
  <logger>com.ebay.queens.demo.Utilities</logger>
  <level>INFO</level>
  <class>com.ebay.queens.demo.SignUp</class>
  <method>resgiterUser</method>
  <thread>33</thread>
  <message>User Signed Up: coramccomb16</message>
</record>
<record>
  <date>2020-03-18T16:50:49</date>
  <millis>1584550249238</millis>
  <sequence>21</sequence>
  <logger>com.ebay.queens.demo.Utilities</logger>
  <level>INFO</level>
  <class>com.ebay.queens.demo.Login</class>
  <method>logIn</method>
  <thread>31</thread>
  <message>Log In Methodcoramccomb16 whore</message>
</record>
<record>
  <date>2020-03-18T16:50:49</date>
  <millis>1584550249238</millis>
  <sequence>21</sequence>
  <logger>com.ebay.queens.demo.Utilities</logger>
  <level>INFO</level>
  <class>com.ebay.queens.demo.Login</class>
  <method>logIn</method>
  <thread>31</thread>
  <message>Log In Methodcoramccomb16 whore</message>
</record>
<record>
  <date>2020-03-18T16:50:49</date>
  <millis>1584550249238</millis>
  <sequence>21</sequence>
  <logger>com.ebay.queens.demo.Utilities</logger>
  <level>INFO</level>
  <class>com.ebay.queens.demo.Login</class>
  <method>logIn</method>
  <thread>31</thread>
  <message>Log In Methodcoramccomb16 whore</message>
</record>
